TN:
SF:/Users/aaron/Documents/Aaron/Sites/JavaScript Practice/Kigali/Questioner/js/app.js
FN:18,(anonymous_0)
FN:26,(anonymous_1)
FNF:2
FNH:2
FNDA:1,(anonymous_0)
FNDA:6,(anonymous_1)
DA:1,1
DA:2,1
DA:3,1
DA:5,1
DA:7,1
DA:8,1
DA:9,1
DA:11,1
DA:12,1
DA:13,1
DA:14,1
DA:15,1
DA:16,1
DA:18,1
DA:19,1
DA:26,1
DA:27,6
DA:31,1
LF:18
LH:18
BRF:0
BRH:0
end_of_record
TN:
SF:/Users/aaron/Documents/Aaron/Sites/JavaScript Practice/Kigali/Questioner/js/Controllers/meetupCotroller.js
FN:6,(anonymous_0)
FN:9,(anonymous_1)
FN:23,(anonymous_2)
FN:34,(anonymous_3)
FN:36,(anonymous_4)
FN:47,(anonymous_5)
FN:69,(anonymous_6)
FN:71,(anonymous_7)
FN:95,(anonymous_8)
FN:97,(anonymous_9)
FN:109,(anonymous_10)
FNF:11
FNH:10
FNDA:1,(anonymous_0)
FNDA:2,(anonymous_1)
FNDA:1,(anonymous_2)
FNDA:2,(anonymous_3)
FNDA:3,(anonymous_4)
FNDA:0,(anonymous_5)
FNDA:1,(anonymous_6)
FNDA:2,(anonymous_7)
FNDA:2,(anonymous_8)
FNDA:2,(anonymous_9)
FNDA:1,(anonymous_10)
DA:1,1
DA:2,1
DA:7,1
DA:8,1
DA:9,1
DA:10,2
DA:11,2
DA:18,1
DA:24,1
DA:26,1
DA:29,1
DA:35,2
DA:36,3
DA:37,2
DA:38,1
DA:42,1
DA:48,0
DA:49,0
DA:50,0
DA:51,0
DA:52,0
DA:54,0
DA:56,0
DA:63,0
DA:64,0
DA:70,1
DA:71,2
DA:72,1
DA:73,1
DA:76,1
DA:78,0
DA:79,0
DA:80,0
DA:81,0
DA:84,0
DA:86,0
DA:96,2
DA:97,2
DA:98,2
DA:99,1
DA:101,1
DA:103,1
DA:104,1
DA:105,1
DA:110,1
DA:111,1
DA:112,1
DA:113,1
DA:114,1
DA:117,1
DA:119,0
DA:124,0
DA:125,0
DA:130,1
LF:54
LH:36
BRDA:26,0,0,0
BRDA:26,0,1,1
BRDA:37,1,0,1
BRDA:37,1,1,1
BRDA:51,2,0,0
BRDA:51,2,1,0
BRDA:72,3,0,1
BRDA:72,3,1,0
BRDA:80,4,0,0
BRDA:80,4,1,0
BRDA:98,5,0,1
BRDA:98,5,1,1
BRDA:113,6,0,1
BRDA:113,6,1,0
BRF:14
BRH:7
end_of_record
TN:
SF:/Users/aaron/Documents/Aaron/Sites/JavaScript Practice/Kigali/Questioner/js/Controllers/questionController.js
FN:6,(anonymous_0)
FN:9,(anonymous_1)
FN:23,(anonymous_2)
FN:25,(anonymous_3)
FN:35,(anonymous_4)
FN:42,(anonymous_5)
FN:62,(anonymous_6)
FN:82,(anonymous_7)
FN:104,(anonymous_8)
FN:106,(anonymous_9)
FN:133,(anonymous_10)
FN:135,(anonymous_11)
FNF:12
FNH:12
FNDA:1,(anonymous_0)
FNDA:1,(anonymous_1)
FNDA:2,(anonymous_2)
FNDA:2,(anonymous_3)
FNDA:1,(anonymous_4)
FNDA:1,(anonymous_5)
FNDA:1,(anonymous_6)
FNDA:1,(anonymous_7)
FNDA:2,(anonymous_8)
FNDA:2,(anonymous_9)
FNDA:2,(anonymous_10)
FNDA:1,(anonymous_11)
DA:1,1
DA:2,1
DA:7,1
DA:8,1
DA:9,1
DA:10,1
DA:11,1
DA:19,1
DA:24,2
DA:25,2
DA:26,2
DA:27,1
DA:31,1
DA:36,1
DA:37,1
DA:44,1
DA:45,1
DA:47,1
DA:48,1
DA:49,1
DA:50,0
DA:55,1
DA:64,1
DA:65,1
DA:67,1
DA:68,1
DA:69,1
DA:71,0
DA:76,1
DA:83,1
DA:84,1
DA:85,1
DA:86,1
DA:87,1
DA:91,0
DA:100,0
DA:101,0
DA:105,2
DA:106,2
DA:107,2
DA:108,1
DA:111,1
DA:113,1
DA:114,1
DA:115,1
DA:116,1
DA:119,1
DA:121,0
DA:128,0
DA:134,2
DA:135,2
DA:136,2
DA:137,1
DA:140,1
DA:142,1
DA:143,1
DA:144,1
DA:151,1
LF:58
LH:51
BRDA:26,0,0,1
BRDA:26,0,1,1
BRDA:86,1,0,1
BRDA:86,1,1,0
BRDA:107,2,0,1
BRDA:107,2,1,1
BRDA:115,3,0,1
BRDA:115,3,1,0
BRDA:136,4,0,1
BRDA:136,4,1,1
BRF:10
BRH:8
end_of_record
TN:
SF:/Users/aaron/Documents/Aaron/Sites/JavaScript Practice/Kigali/Questioner/js/Controllers/usersController.js
FN:5,(anonymous_0)
FN:11,(anonymous_1)
FN:13,(anonymous_2)
FN:21,(anonymous_3)
FN:46,(anonymous_4)
FN:48,(anonymous_5)
FN:73,(anonymous_6)
FN:75,(anonymous_7)
FNF:8
FNH:7
FNDA:1,(anonymous_0)
FNDA:2,(anonymous_1)
FNDA:4,(anonymous_2)
FNDA:0,(anonymous_3)
FNDA:1,(anonymous_4)
FNDA:3,(anonymous_5)
FNDA:1,(anonymous_6)
FNDA:3,(anonymous_7)
DA:1,1
DA:2,1
DA:6,1
DA:7,1
DA:12,2
DA:13,4
DA:14,2
DA:17,2
DA:22,0
DA:23,0
DA:24,0
DA:25,0
DA:26,0
DA:28,0
DA:30,0
DA:41,0
DA:42,0
DA:47,1
DA:48,3
DA:49,1
DA:50,1
DA:53,1
DA:55,0
DA:56,0
DA:57,0
DA:58,0
DA:60,0
DA:62,0
DA:71,0
DA:74,1
DA:75,3
DA:76,1
DA:77,1
DA:79,1
DA:82,0
DA:83,0
DA:84,0
DA:89,1
LF:38
LH:19
BRDA:14,0,0,1
BRDA:14,0,1,1
BRDA:25,1,0,0
BRDA:25,1,1,0
BRDA:49,2,0,1
BRDA:49,2,1,0
BRDA:57,3,0,0
BRDA:57,3,1,0
BRDA:76,4,0,1
BRDA:76,4,1,0
BRF:10
BRH:4
end_of_record
TN:
SF:/Users/aaron/Documents/Aaron/Sites/JavaScript Practice/Kigali/Questioner/js/models/meetupModels.js
FN:5,(anonymous_0)
FNF:1
FNH:1
FNDA:1,(anonymous_0)
DA:6,1
DA:29,1
LF:2
LH:2
BRF:0
BRH:0
end_of_record
TN:
SF:/Users/aaron/Documents/Aaron/Sites/JavaScript Practice/Kigali/Questioner/js/models/questionModels.js
FN:5,(anonymous_0)
FN:23,(anonymous_1)
FN:24,(anonymous_2)
FN:28,(anonymous_3)
FN:31,(anonymous_4)
FNF:5
FNH:4
FNDA:1,(anonymous_0)
FNDA:2,(anonymous_1)
FNDA:0,(anonymous_2)
FNDA:1,(anonymous_3)
FNDA:1,(anonymous_4)
DA:6,1
DA:15,1
DA:24,2
DA:25,2
DA:29,1
DA:32,1
DA:36,1
LF:7
LH:7
BRF:0
BRH:0
end_of_record
TN:
SF:/Users/aaron/Documents/Aaron/Sites/JavaScript Practice/Kigali/Questioner/js/models/usersModels.js
FN:9,(anonymous_0)
FNF:1
FNH:1
FNDA:1,(anonymous_0)
DA:10,1
DA:46,1
LF:2
LH:2
BRF:0
BRH:0
end_of_record
TN:
SF:/Users/aaron/Documents/Aaron/Sites/JavaScript Practice/Kigali/Questioner/js/routes/meetups.js
FNF:0
FNH:0
DA:1,1
DA:2,1
DA:4,1
DA:5,1
DA:10,1
DA:13,1
DA:15,1
DA:17,1
DA:23,1
LF:9
LH:9
BRF:0
BRH:0
end_of_record
TN:
SF:/Users/aaron/Documents/Aaron/Sites/JavaScript Practice/Kigali/Questioner/js/routes/questions.js
FNF:0
FNH:0
DA:1,1
DA:2,1
DA:3,1
DA:8,1
DA:12,1
DA:17,1
DA:20,1
DA:22,1
DA:27,1
LF:9
LH:9
BRF:0
BRH:0
end_of_record
TN:
SF:/Users/aaron/Documents/Aaron/Sites/JavaScript Practice/Kigali/Questioner/js/routes/users.js
FNF:0
FNH:0
DA:1,1
DA:2,1
DA:5,1
DA:7,1
DA:9,1
DA:10,1
DA:17,1
DA:20,1
DA:28,1
LF:9
LH:9
BRF:0
BRH:0
end_of_record
TN:
SF:/Users/aaron/Documents/Aaron/Sites/JavaScript Practice/Kigali/Questioner/js/utils/utils.js
FN:8,(anonymous_0)
FN:21,(anonymous_1)
FN:33,(anonymous_2)
FN:48,(anonymous_3)
FNF:4
FNH:2
FNDA:2,(anonymous_0)
FNDA:0,(anonymous_1)
FNDA:0,(anonymous_2)
FNDA:1,(anonymous_3)
DA:2,1
DA:9,2
DA:18,2
DA:22,0
DA:29,0
DA:34,0
DA:45,0
DA:49,1
DA:54,1
DA:59,1
LF:10
LH:6
BRF:0
BRH:0
end_of_record
