TN:
SF:/Users/aaron/Documents/Aaron/Sites/JavaScript Practice/Kigali/Questioner/app.js
FN:18,(anonymous_0)
FN:26,(anonymous_1)
FNF:2
FNH:2
FNDA:1,(anonymous_0)
FNDA:3,(anonymous_1)
DA:1,1
DA:2,1
DA:3,1
DA:5,1
DA:7,1
DA:8,1
DA:9,1
DA:11,1
DA:12,1
DA:13,1
DA:14,1
DA:15,1
DA:16,1
DA:18,1
DA:19,1
DA:26,1
DA:27,3
DA:31,1
LF:18
LH:18
BRF:0
BRH:0
end_of_record
TN:
SF:/Users/aaron/Documents/Aaron/Sites/JavaScript Practice/Kigali/Questioner/Server/Controllers/meetupCotroller.js
FN:6,(anonymous_0)
FN:9,(anonymous_1)
FN:23,(anonymous_2)
FN:34,(anonymous_3)
FN:36,(anonymous_4)
FN:47,(anonymous_5)
FN:70,(anonymous_6)
FN:72,(anonymous_7)
FN:96,(anonymous_8)
FN:98,(anonymous_9)
FN:110,(anonymous_10)
FNF:11
FNH:11
FNDA:1,(anonymous_0)
FNDA:2,(anonymous_1)
FNDA:1,(anonymous_2)
FNDA:2,(anonymous_3)
FNDA:3,(anonymous_4)
FNDA:1,(anonymous_5)
FNDA:1,(anonymous_6)
FNDA:2,(anonymous_7)
FNDA:2,(anonymous_8)
FNDA:2,(anonymous_9)
FNDA:1,(anonymous_10)
DA:1,1
DA:2,1
DA:7,1
DA:8,1
DA:9,1
DA:10,2
DA:11,2
DA:18,1
DA:24,1
DA:26,1
DA:29,1
DA:35,2
DA:36,3
DA:37,2
DA:38,1
DA:42,1
DA:48,1
DA:49,1
DA:50,1
DA:51,1
DA:52,1
DA:55,1
DA:57,0
DA:64,0
DA:65,0
DA:71,1
DA:72,2
DA:73,1
DA:74,1
DA:77,1
DA:79,0
DA:80,0
DA:81,0
DA:82,0
DA:85,0
DA:87,0
DA:97,2
DA:98,2
DA:99,2
DA:100,1
DA:102,1
DA:104,1
DA:105,1
DA:106,1
DA:111,1
DA:112,1
DA:113,1
DA:114,1
DA:115,1
DA:118,1
DA:120,0
DA:125,0
DA:126,0
DA:131,1
LF:54
LH:42
BRDA:26,0,0,0
BRDA:26,0,1,1
BRDA:37,1,0,1
BRDA:37,1,1,1
BRDA:51,2,0,1
BRDA:51,2,1,0
BRDA:73,3,0,1
BRDA:73,3,1,0
BRDA:81,4,0,0
BRDA:81,4,1,0
BRDA:99,5,0,1
BRDA:99,5,1,1
BRDA:114,6,0,1
BRDA:114,6,1,0
BRF:14
BRH:8
end_of_record
TN:
SF:/Users/aaron/Documents/Aaron/Sites/JavaScript Practice/Kigali/Questioner/Server/Controllers/questionController.js
FN:6,(anonymous_0)
FN:9,(anonymous_1)
FN:23,(anonymous_2)
FN:25,(anonymous_3)
FN:35,(anonymous_4)
FN:42,(anonymous_5)
FN:62,(anonymous_6)
FN:82,(anonymous_7)
FN:105,(anonymous_8)
FN:107,(anonymous_9)
FN:134,(anonymous_10)
FN:136,(anonymous_11)
FNF:12
FNH:12
FNDA:1,(anonymous_0)
FNDA:1,(anonymous_1)
FNDA:2,(anonymous_2)
FNDA:2,(anonymous_3)
FNDA:1,(anonymous_4)
FNDA:2,(anonymous_5)
FNDA:1,(anonymous_6)
FNDA:1,(anonymous_7)
FNDA:2,(anonymous_8)
FNDA:2,(anonymous_9)
FNDA:2,(anonymous_10)
FNDA:1,(anonymous_11)
DA:1,1
DA:2,1
DA:7,1
DA:8,1
DA:9,1
DA:10,1
DA:11,1
DA:19,1
DA:24,2
DA:25,2
DA:26,2
DA:27,1
DA:31,1
DA:36,1
DA:37,1
DA:44,2
DA:45,2
DA:47,2
DA:48,2
DA:49,2
DA:50,0
DA:55,2
DA:64,1
DA:65,1
DA:67,1
DA:68,1
DA:69,1
DA:71,0
DA:76,1
DA:83,1
DA:84,1
DA:85,1
DA:86,1
DA:87,1
DA:92,0
DA:101,0
DA:102,0
DA:106,2
DA:107,2
DA:108,2
DA:109,1
DA:112,1
DA:114,1
DA:115,1
DA:116,1
DA:117,1
DA:120,1
DA:122,0
DA:129,0
DA:135,2
DA:136,2
DA:137,2
DA:138,1
DA:141,1
DA:143,1
DA:144,1
DA:145,1
DA:152,1
LF:58
LH:51
BRDA:26,0,0,1
BRDA:26,0,1,1
BRDA:86,1,0,1
BRDA:86,1,1,0
BRDA:108,2,0,1
BRDA:108,2,1,1
BRDA:116,3,0,1
BRDA:116,3,1,0
BRDA:137,4,0,1
BRDA:137,4,1,1
BRF:10
BRH:8
end_of_record
TN:
SF:/Users/aaron/Documents/Aaron/Sites/JavaScript Practice/Kigali/Questioner/Server/Controllers/usersController.js
FN:5,(anonymous_0)
FN:11,(anonymous_1)
FN:13,(anonymous_2)
FN:21,(anonymous_3)
FN:47,(anonymous_4)
FN:49,(anonymous_5)
FN:74,(anonymous_6)
FN:76,(anonymous_7)
FNF:8
FNH:8
FNDA:1,(anonymous_0)
FNDA:2,(anonymous_1)
FNDA:4,(anonymous_2)
FNDA:1,(anonymous_3)
FNDA:2,(anonymous_4)
FNDA:4,(anonymous_5)
FNDA:2,(anonymous_6)
FNDA:3,(anonymous_7)
DA:1,1
DA:2,1
DA:6,1
DA:7,1
DA:12,2
DA:13,4
DA:14,2
DA:17,2
DA:22,1
DA:23,1
DA:24,1
DA:25,1
DA:26,1
DA:29,1
DA:31,0
DA:42,0
DA:43,0
DA:48,2
DA:49,4
DA:50,2
DA:51,1
DA:54,1
DA:56,1
DA:57,1
DA:58,1
DA:59,1
DA:61,1
DA:63,0
DA:72,0
DA:75,2
DA:76,3
DA:77,2
DA:78,1
DA:81,1
DA:84,1
DA:85,1
DA:86,1
DA:91,1
LF:38
LH:33
BRDA:14,0,0,1
BRDA:14,0,1,1
BRDA:25,1,0,1
BRDA:25,1,1,0
BRDA:50,2,0,1
BRDA:50,2,1,1
BRDA:58,3,0,1
BRDA:58,3,1,0
BRDA:77,4,0,1
BRDA:77,4,1,1
BRF:10
BRH:8
end_of_record
TN:
SF:/Users/aaron/Documents/Aaron/Sites/JavaScript Practice/Kigali/Questioner/Server/helpers/utils.js
FN:8,(anonymous_0)
FN:21,(anonymous_1)
FN:33,(anonymous_2)
FN:48,(anonymous_3)
FNF:4
FNH:4
FNDA:2,(anonymous_0)
FNDA:1,(anonymous_1)
FNDA:2,(anonymous_2)
FNDA:1,(anonymous_3)
DA:2,1
DA:9,2
DA:18,2
DA:22,1
DA:29,1
DA:34,2
DA:45,2
DA:49,1
DA:54,1
DA:59,1
LF:10
LH:10
BRF:0
BRH:0
end_of_record
TN:
SF:/Users/aaron/Documents/Aaron/Sites/JavaScript Practice/Kigali/Questioner/Server/models/meetupModels.js
FN:5,(anonymous_0)
FNF:1
FNH:1
FNDA:1,(anonymous_0)
DA:6,1
DA:29,1
LF:2
LH:2
BRF:0
BRH:0
end_of_record
TN:
SF:/Users/aaron/Documents/Aaron/Sites/JavaScript Practice/Kigali/Questioner/Server/models/questionModels.js
FN:4,(anonymous_0)
FN:22,(anonymous_1)
FN:23,(anonymous_2)
FN:27,(anonymous_3)
FN:30,(anonymous_4)
FNF:5
FNH:4
FNDA:1,(anonymous_0)
FNDA:3,(anonymous_1)
FNDA:0,(anonymous_2)
FNDA:2,(anonymous_3)
FNDA:1,(anonymous_4)
DA:5,1
DA:14,1
DA:23,3
DA:24,3
DA:28,2
DA:31,1
DA:35,1
LF:7
LH:7
BRF:0
BRH:0
end_of_record
TN:
SF:/Users/aaron/Documents/Aaron/Sites/JavaScript Practice/Kigali/Questioner/Server/models/usersModels.js
FN:9,(anonymous_0)
FNF:1
FNH:1
FNDA:1,(anonymous_0)
DA:10,1
DA:46,1
LF:2
LH:2
BRF:0
BRH:0
end_of_record
TN:
SF:/Users/aaron/Documents/Aaron/Sites/JavaScript Practice/Kigali/Questioner/Server/routes/meetups.js
FNF:0
FNH:0
DA:1,1
DA:2,1
DA:4,1
DA:5,1
DA:10,1
DA:13,1
DA:15,1
DA:17,1
DA:23,1
LF:9
LH:9
BRF:0
BRH:0
end_of_record
TN:
SF:/Users/aaron/Documents/Aaron/Sites/JavaScript Practice/Kigali/Questioner/Server/routes/questions.js
FNF:0
FNH:0
DA:1,1
DA:2,1
DA:3,1
DA:8,1
DA:12,1
DA:17,1
DA:20,1
DA:22,1
DA:27,1
LF:9
LH:9
BRF:0
BRH:0
end_of_record
TN:
SF:/Users/aaron/Documents/Aaron/Sites/JavaScript Practice/Kigali/Questioner/Server/routes/users.js
FNF:0
FNH:0
DA:1,1
DA:2,1
DA:5,1
DA:7,1
DA:9,1
DA:10,1
DA:17,1
DA:20,1
DA:28,1
LF:9
LH:9
BRF:0
BRH:0
end_of_record
TN:
SF:/Users/aaron/Documents/Aaron/Sites/JavaScript Practice/Kigali/Questioner/server/test/meetupTests.js
FN:13,(anonymous_0)
FN:14,(anonymous_1)
FN:15,(anonymous_2)
FN:18,(anonymous_3)
FN:24,(anonymous_4)
FN:27,(anonymous_5)
FN:33,(anonymous_6)
FN:36,(anonymous_7)
FN:43,(anonymous_8)
FN:46,(anonymous_9)
FN:52,(anonymous_10)
FN:55,(anonymous_11)
FN:60,(anonymous_12)
FN:63,(anonymous_13)
FN:86,(anonymous_14)
FN:89,(anonymous_15)
FN:95,(anonymous_16)
FN:98,(anonymous_17)
FN:103,(anonymous_18)
FN:106,(anonymous_19)
FN:111,(anonymous_20)
FN:114,(anonymous_21)
FNF:22
FNH:22
FNDA:1,(anonymous_0)
FNDA:1,(anonymous_1)
FNDA:1,(anonymous_2)
FNDA:1,(anonymous_3)
FNDA:1,(anonymous_4)
FNDA:1,(anonymous_5)
FNDA:1,(anonymous_6)
FNDA:1,(anonymous_7)
FNDA:1,(anonymous_8)
FNDA:1,(anonymous_9)
FNDA:1,(anonymous_10)
FNDA:1,(anonymous_11)
FNDA:1,(anonymous_12)
FNDA:1,(anonymous_13)
FNDA:1,(anonymous_14)
FNDA:1,(anonymous_15)
FNDA:1,(anonymous_16)
FNDA:1,(anonymous_17)
FNDA:1,(anonymous_18)
FNDA:1,(anonymous_19)
FNDA:1,(anonymous_20)
FNDA:1,(anonymous_21)
DA:1,1
DA:2,1
DA:3,1
DA:4,1
DA:5,1
DA:6,1
DA:7,1
DA:8,1
DA:9,1
DA:10,1
DA:13,1
DA:14,1
DA:15,1
DA:16,1
DA:19,1
DA:20,1
DA:21,1
DA:24,1
DA:25,1
DA:28,1
DA:29,1
DA:30,1
DA:33,1
DA:34,1
DA:37,1
DA:38,1
DA:39,1
DA:40,1
DA:43,1
DA:44,1
DA:47,1
DA:48,1
DA:49,1
DA:52,1
DA:53,1
DA:56,1
DA:57,1
DA:60,1
DA:61,1
DA:64,1
DA:65,1
DA:66,1
DA:86,1
DA:87,1
DA:90,1
DA:91,1
DA:92,1
DA:95,1
DA:96,1
DA:99,1
DA:100,1
DA:103,1
DA:104,1
DA:107,1
DA:108,1
DA:111,1
DA:112,1
DA:115,1
DA:116,1
DA:123,1
LF:60
LH:60
BRF:0
BRH:0
end_of_record
TN:
SF:/Users/aaron/Documents/Aaron/Sites/JavaScript Practice/Kigali/Questioner/server/test/questionTest.js
FN:13,(anonymous_0)
FN:14,(anonymous_1)
FN:15,(anonymous_2)
FN:18,(anonymous_3)
FN:25,(anonymous_4)
FN:26,(anonymous_5)
FN:29,(anonymous_6)
FN:36,(anonymous_7)
FN:39,(anonymous_8)
FN:46,(anonymous_9)
FN:49,(anonymous_10)
FN:55,(anonymous_11)
FN:58,(anonymous_12)
FN:63,(anonymous_13)
FN:66,(anonymous_14)
FN:71,(anonymous_15)
FN:74,(anonymous_16)
FN:80,(anonymous_17)
FN:83,(anonymous_18)
FN:90,(anonymous_19)
FN:93,(anonymous_20)
FN:99,(anonymous_21)
FN:100,(anonymous_22)
FN:103,(anonymous_23)
FN:108,(anonymous_24)
FN:111,(anonymous_25)
FN:116,(anonymous_26)
FN:119,(anonymous_27)
FN:124,(anonymous_28)
FN:127,(anonymous_29)
FNF:30
FNH:30
FNDA:1,(anonymous_0)
FNDA:1,(anonymous_1)
FNDA:1,(anonymous_2)
FNDA:1,(anonymous_3)
FNDA:1,(anonymous_4)
FNDA:1,(anonymous_5)
FNDA:1,(anonymous_6)
FNDA:1,(anonymous_7)
FNDA:1,(anonymous_8)
FNDA:1,(anonymous_9)
FNDA:1,(anonymous_10)
FNDA:1,(anonymous_11)
FNDA:1,(anonymous_12)
FNDA:1,(anonymous_13)
FNDA:1,(anonymous_14)
FNDA:1,(anonymous_15)
FNDA:1,(anonymous_16)
FNDA:1,(anonymous_17)
FNDA:1,(anonymous_18)
FNDA:1,(anonymous_19)
FNDA:1,(anonymous_20)
FNDA:1,(anonymous_21)
FNDA:1,(anonymous_22)
FNDA:1,(anonymous_23)
FNDA:1,(anonymous_24)
FNDA:1,(anonymous_25)
FNDA:1,(anonymous_26)
FNDA:1,(anonymous_27)
FNDA:1,(anonymous_28)
FNDA:1,(anonymous_29)
DA:1,1
DA:2,1
DA:3,1
DA:4,1
DA:5,1
DA:6,1
DA:7,1
DA:8,1
DA:9,1
DA:10,1
DA:13,1
DA:14,1
DA:15,1
DA:16,1
DA:19,1
DA:20,1
DA:21,1
DA:25,1
DA:26,1
DA:27,1
DA:30,1
DA:31,1
DA:32,1
DA:36,1
DA:37,1
DA:40,1
DA:41,1
DA:42,1
DA:43,1
DA:46,1
DA:47,1
DA:50,1
DA:51,1
DA:52,1
DA:55,1
DA:56,1
DA:59,1
DA:60,1
DA:63,1
DA:64,1
DA:67,1
DA:68,1
DA:71,1
DA:72,1
DA:75,1
DA:76,1
DA:77,1
DA:80,1
DA:81,1
DA:84,1
DA:85,1
DA:86,1
DA:87,1
DA:90,1
DA:91,1
DA:94,1
DA:95,1
DA:96,1
DA:99,1
DA:100,1
DA:101,1
DA:104,1
DA:105,1
DA:108,1
DA:109,1
DA:112,1
DA:113,1
DA:116,1
DA:117,1
DA:120,1
DA:121,1
DA:124,1
DA:125,1
DA:128,1
DA:129,1
DA:137,1
LF:76
LH:76
BRF:0
BRH:0
end_of_record
TN:
SF:/Users/aaron/Documents/Aaron/Sites/JavaScript Practice/Kigali/Questioner/server/test/test.js
FN:17,(anonymous_0)
FN:18,(anonymous_1)
FN:19,(anonymous_2)
FN:22,(anonymous_3)
FN:29,(anonymous_4)
FN:30,(anonymous_5)
FN:33,(anonymous_6)
FNF:7
FNH:7
FNDA:1,(anonymous_0)
FNDA:1,(anonymous_1)
FNDA:1,(anonymous_2)
FNDA:1,(anonymous_3)
FNDA:1,(anonymous_4)
FNDA:1,(anonymous_5)
FNDA:1,(anonymous_6)
DA:1,1
DA:2,1
DA:3,1
DA:4,1
DA:5,1
DA:6,1
DA:7,1
DA:8,1
DA:9,1
DA:10,1
DA:11,1
DA:17,1
DA:18,1
DA:19,1
DA:20,1
DA:23,1
DA:24,1
DA:25,1
DA:29,1
DA:30,1
DA:31,1
DA:34,1
DA:35,1
DA:36,1
DA:41,1
DA:42,1
DA:43,1
LF:27
LH:27
BRF:0
BRH:0
end_of_record
TN:
SF:/Users/aaron/Documents/Aaron/Sites/JavaScript Practice/Kigali/Questioner/server/test/userTests.js
FN:13,(anonymous_0)
FN:14,(anonymous_1)
FN:15,(anonymous_2)
FN:18,(anonymous_3)
FN:24,(anonymous_4)
FN:27,(anonymous_5)
FN:34,(anonymous_6)
FN:37,(anonymous_7)
FN:43,(anonymous_8)
FN:46,(anonymous_9)
FN:51,(anonymous_10)
FN:54,(anonymous_11)
FN:59,(anonymous_12)
FN:62,(anonymous_13)
FN:68,(anonymous_14)
FN:71,(anonymous_15)
FN:76,(anonymous_16)
FN:79,(anonymous_17)
FNF:18
FNH:18
FNDA:1,(anonymous_0)
FNDA:1,(anonymous_1)
FNDA:1,(anonymous_2)
FNDA:1,(anonymous_3)
FNDA:1,(anonymous_4)
FNDA:1,(anonymous_5)
FNDA:1,(anonymous_6)
FNDA:1,(anonymous_7)
FNDA:1,(anonymous_8)
FNDA:1,(anonymous_9)
FNDA:1,(anonymous_10)
FNDA:1,(anonymous_11)
FNDA:1,(anonymous_12)
FNDA:1,(anonymous_13)
FNDA:1,(anonymous_14)
FNDA:1,(anonymous_15)
FNDA:1,(anonymous_16)
FNDA:1,(anonymous_17)
DA:1,1
DA:2,1
DA:3,1
DA:4,1
DA:5,1
DA:6,1
DA:7,1
DA:8,1
DA:9,1
DA:10,1
DA:13,1
DA:14,1
DA:15,1
DA:16,1
DA:19,1
DA:20,1
DA:21,1
DA:24,1
DA:25,1
DA:28,1
DA:29,1
DA:30,1
DA:31,1
DA:34,1
DA:35,1
DA:38,1
DA:39,1
DA:40,1
DA:43,1
DA:44,1
DA:47,1
DA:48,1
DA:51,1
DA:52,1
DA:55,1
DA:56,1
DA:59,1
DA:60,1
DA:63,1
DA:64,1
DA:65,1
DA:68,1
DA:69,1
DA:72,1
DA:73,1
DA:76,1
DA:77,1
DA:80,1
DA:81,1
DA:82,1
DA:89,1
LF:51
LH:51
BRF:0
BRH:0
end_of_record
